[debug] [2026-02-04T12:28:15.309Z] ----------------------------------------------------------------------
[debug] [2026-02-04T12:28:15.311Z] Command:       /Users/effy/.nvm/versions/node/v20.19.2/bin/node /Users/effy/Documents/南國FRO/weekly/nangokufro_weekly/node_modules/.bin/firebase deploy --only functions
[debug] [2026-02-04T12:28:15.311Z] CLI Version:   15.5.1
[debug] [2026-02-04T12:28:15.311Z] Platform:      darwin
[debug] [2026-02-04T12:28:15.312Z] Node Version:  v20.19.2
[debug] [2026-02-04T12:28:15.312Z] Time:          Wed Feb 04 2026 20:28:15 GMT+0800 (Taipei Standard Time)
[debug] [2026-02-04T12:28:15.312Z] ----------------------------------------------------------------------
[debug] 
[debug] [2026-02-04T12:28:16.257Z] > command requires scopes: ["email","openid","https://www.googleapis.com/auth/cloudplatformprojects.readonly","https://www.googleapis.com/auth/firebase","https://www.googleapis.com/auth/cloud-platform"]
[debug] [2026-02-04T12:28:16.257Z] > authorizing via signed-in user (miyabilee@gmail.com)
[debug] [2026-02-04T12:28:16.257Z] [iam] checking project msgtest-d13ce for permissions ["cloudfunctions.functions.create","cloudfunctions.functions.delete","cloudfunctions.functions.get","cloudfunctions.functions.list","cloudfunctions.functions.update","cloudfunctions.operations.get","firebase.projects.get"]
[debug] [2026-02-04T12:28:16.258Z] Checked if tokens are valid: false, expires at: 1770208814476
[debug] [2026-02-04T12:28:16.258Z] Checked if tokens are valid: false, expires at: 1770208814476
[debug] [2026-02-04T12:28:16.258Z] > refreshing access token with scopes: []
[debug] [2026-02-04T12:28:16.259Z] >>> [apiv2][query] POST https://www.googleapis.com/oauth2/v3/token [none]
[debug] [2026-02-04T12:28:16.259Z] >>> [apiv2][body] POST https://www.googleapis.com/oauth2/v3/token [omitted]
[debug] [2026-02-04T12:28:16.374Z] <<< [apiv2][status] POST https://www.googleapis.com/oauth2/v3/token 200
[debug] [2026-02-04T12:28:16.374Z] <<< [apiv2][body] POST https://www.googleapis.com/oauth2/v3/token [omitted]
[debug] [2026-02-04T12:28:16.408Z] >>> [apiv2][query] POST https://cloudresourcemanager.googleapis.com/v1/projects/msgtest-d13ce:testIamPermissions [none]
[debug] [2026-02-04T12:28:16.409Z] >>> [apiv2][(partial)header] POST https://cloudresourcemanager.googleapis.com/v1/projects/msgtest-d13ce:testIamPermissions  x-goog-user-project=msgtest-d13ce
[debug] [2026-02-04T12:28:16.409Z] >>> [apiv2][body] POST https://cloudresourcemanager.googleapis.com/v1/projects/msgtest-d13ce:testIamPermissions {"permissions":["cloudfunctions.functions.create","cloudfunctions.functions.delete","cloudfunctions.functions.get","cloudfunctions.functions.list","cloudfunctions.functions.update","cloudfunctions.operations.get","firebase.projects.get"]}
[debug] [2026-02-04T12:28:17.278Z] <<< [apiv2][status] POST https://cloudresourcemanager.googleapis.com/v1/projects/msgtest-d13ce:testIamPermissions 200
[debug] [2026-02-04T12:28:17.278Z] <<< [apiv2][body] POST https://cloudresourcemanager.googleapis.com/v1/projects/msgtest-d13ce:testIamPermissions {"permissions":["cloudfunctions.functions.create","cloudfunctions.functions.delete","cloudfunctions.functions.get","cloudfunctions.functions.list","cloudfunctions.functions.update","cloudfunctions.operations.get","firebase.projects.get"]}
[debug] [2026-02-04T12:28:17.278Z] Checked if tokens are valid: true, expires at: 1770211695374
[debug] [2026-02-04T12:28:17.278Z] Checked if tokens are valid: true, expires at: 1770211695374
[debug] [2026-02-04T12:28:17.278Z] >>> [apiv2][query] POST https://iam.googleapis.com/v1/projects/msgtest-d13ce/serviceAccounts/msgtest-d13ce@appspot.gserviceaccount.com:testIamPermissions [none]
[debug] [2026-02-04T12:28:17.278Z] >>> [apiv2][body] POST https://iam.googleapis.com/v1/projects/msgtest-d13ce/serviceAccounts/msgtest-d13ce@appspot.gserviceaccount.com:testIamPermissions {"permissions":["iam.serviceAccounts.actAs"]}
[debug] [2026-02-04T12:28:18.322Z] <<< [apiv2][status] POST https://iam.googleapis.com/v1/projects/msgtest-d13ce/serviceAccounts/msgtest-d13ce@appspot.gserviceaccount.com:testIamPermissions 200
[debug] [2026-02-04T12:28:18.322Z] <<< [apiv2][body] POST https://iam.googleapis.com/v1/projects/msgtest-d13ce/serviceAccounts/msgtest-d13ce@appspot.gserviceaccount.com:testIamPermissions {"permissions":["iam.serviceAccounts.actAs"]}
[info] 
[info] === Deploying to 'msgtest-d13ce'...
[info] 
[info] i  deploying functions 
[debug] [2026-02-04T12:28:18.326Z] Checked if tokens are valid: true, expires at: 1770211695374
[debug] [2026-02-04T12:28:18.327Z] Checked if tokens are valid: true, expires at: 1770211695374
[debug] [2026-02-04T12:28:18.327Z] >>> [apiv2][query] GET https://cloudresourcemanager.googleapis.com/v1/projects/msgtest-d13ce [none]
[debug] [2026-02-04T12:28:18.546Z] <<< [apiv2][status] GET https://cloudresourcemanager.googleapis.com/v1/projects/msgtest-d13ce 200
[debug] [2026-02-04T12:28:18.546Z] <<< [apiv2][body] GET https://cloudresourcemanager.googleapis.com/v1/projects/msgtest-d13ce {"projectNumber":"1052661114378","projectId":"msgtest-d13ce","lifecycleState":"ACTIVE","name":"nangokufro","labels":{"firebase":"enabled"},"createTime":"2017-08-28T08:19:58.953Z"}
[info] i  functions: preparing codebase default for deployment 
[info] i  functions: ensuring required API cloudfunctions.googleapis.com is enabled... 
[info] i  functions: ensuring required API cloudbuild.googleapis.com is enabled... 
[info] i  artifactregistry: ensuring required API artifactregistry.googleapis.com is enabled... 
[debug] [2026-02-04T12:28:18.548Z] Checked if tokens are valid: true, expires at: 1770211695374
[debug] [2026-02-04T12:28:18.548Z] Checked if tokens are valid: true, expires at: 1770211695374
[debug] [2026-02-04T12:28:18.548Z] >>> [apiv2][query] GET https://firebase.googleapis.com/v1beta1/projects/msgtest-d13ce/adminSdkConfig [none]
[debug] [2026-02-04T12:28:19.773Z] <<< [apiv2][status] GET https://firebase.googleapis.com/v1beta1/projects/msgtest-d13ce/adminSdkConfig 200
[debug] [2026-02-04T12:28:19.773Z] <<< [apiv2][body] GET https://firebase.googleapis.com/v1beta1/projects/msgtest-d13ce/adminSdkConfig {"projectId":"msgtest-d13ce","databaseURL":"https://msgtest-d13ce.firebaseio.com","storageBucket":"msgtest-d13ce.appspot.com","locationId":"us-central"}
[debug] [2026-02-04T12:28:19.774Z] Checked if tokens are valid: true, expires at: 1770211695374
[debug] [2026-02-04T12:28:19.774Z] Checked if tokens are valid: true, expires at: 1770211695374
[debug] [2026-02-04T12:28:19.774Z] >>> [apiv2][query] GET https://runtimeconfig.googleapis.com/v1beta1/projects/msgtest-d13ce/configs [none]
[debug] [2026-02-04T12:28:20.631Z] <<< [apiv2][status] GET https://runtimeconfig.googleapis.com/v1beta1/projects/msgtest-d13ce/configs 200
[debug] [2026-02-04T12:28:20.631Z] <<< [apiv2][body] GET https://runtimeconfig.googleapis.com/v1beta1/projects/msgtest-d13ce/configs {}
[debug] [2026-02-04T12:28:20.633Z] Validating nodejs source
[warn] ⚠  functions: package.json indicates an outdated version of firebase-functions. Please upgrade using npm install --save firebase-functions@latest in your functions directory. 
[warn] ⚠  functions: Please note that there will be breaking changes when you upgrade. 
[debug] [2026-02-04T12:28:21.068Z] > [functions] package.json contents: {
  "name": "weekly-report-functions",
  "type": "module",
  "engines": {
    "node": "24"
  },
  "scripts": {
    "dev": "firebase emulators:start",
    "deploy": "firebase deploy --only functions"
  },
  "dependencies": {
    "@google-cloud/vertexai": "^1.10.0",
    "cheerio": "^1.0.0-rc.12",
    "firebase-admin": "^12.7.0",
    "firebase-functions": "^5.1.1",
    "node-fetch": "^3.3.2",
    "sharp": "^0.33.2",
    "uuid": "^9.0.1",
    "xml2js": "^0.6.2"
  },
  "devDependencies": {
    "firebase-tools": "^15.5.1"
  }
}
[debug] [2026-02-04T12:28:21.068Z] Building nodejs source
[info] i  functions: Loading and analyzing source code for codebase default to determine what to deploy 
[debug] [2026-02-04T12:28:21.068Z] Could not find functions.yaml. Must use http discovery
[debug] [2026-02-04T12:28:21.072Z] Found firebase-functions binary at '/Users/effy/Documents/南國FRO/weekly/nangokufro_weekly/node_modules/.bin/firebase-functions'
[info] Serving at port 8336

[debug] [2026-02-04T12:28:21.797Z] Got response from /__/functions.yaml {"endpoints":{"runDailyRssPipeline":{"availableMemoryMb":null,"timeoutSeconds":300,"minInstances":null,"maxInstances":null,"ingressSettings":null,"concurrency":null,"serviceAccountEmail":null,"vpc":null,"platform":"gcfv2","region":["asia-east1"],"labels":{},"httpsTrigger":{},"entryPoint":"runDailyRssPipeline"},"runFakePipeline":{"availableMemoryMb":null,"timeoutSeconds":300,"minInstances":null,"maxInstances":null,"ingressSettings":null,"concurrency":null,"serviceAccountEmail":null,"vpc":null,"platform":"gcfv2","region":["asia-east1"],"labels":{},"httpsTrigger":{},"entryPoint":"runFakePipeline"},"runWeeklyPipeline":{"availableMemoryMb":null,"timeoutSeconds":300,"minInstances":null,"maxInstances":null,"ingressSettings":null,"concurrency":null,"serviceAccountEmail":null,"vpc":null,"platform":"gcfv2","region":["asia-east1"],"labels":{},"httpsTrigger":{},"entryPoint":"runWeeklyPipeline"}},"specVersion":"v1alpha1","requiredAPIs":[],"extensions":{}}
[info] i  extensions: ensuring required API firebaseextensions.googleapis.com is enabled... 
[debug] [2026-02-04T12:28:25.851Z] > command requires scopes: ["email","openid","https://www.googleapis.com/auth/cloudplatformprojects.readonly","https://www.googleapis.com/auth/firebase","https://www.googleapis.com/auth/cloud-platform"]
[debug] [2026-02-04T12:28:25.851Z] > authorizing via signed-in user (miyabilee@gmail.com)
[debug] [2026-02-04T12:28:25.852Z] [iam] checking project msgtest-d13ce for permissions ["firebase.projects.get","firebaseextensions.instances.list"]
[debug] [2026-02-04T12:28:25.852Z] Checked if tokens are valid: true, expires at: 1770211695374
[debug] [2026-02-04T12:28:25.852Z] Checked if tokens are valid: true, expires at: 1770211695374
[debug] [2026-02-04T12:28:25.852Z] >>> [apiv2][query] POST https://cloudresourcemanager.googleapis.com/v1/projects/msgtest-d13ce:testIamPermissions [none]
[debug] [2026-02-04T12:28:25.852Z] >>> [apiv2][(partial)header] POST https://cloudresourcemanager.googleapis.com/v1/projects/msgtest-d13ce:testIamPermissions  x-goog-user-project=msgtest-d13ce
[debug] [2026-02-04T12:28:25.852Z] >>> [apiv2][body] POST https://cloudresourcemanager.googleapis.com/v1/projects/msgtest-d13ce:testIamPermissions {"permissions":["firebase.projects.get","firebaseextensions.instances.list"]}
[debug] [2026-02-04T12:28:26.672Z] <<< [apiv2][status] POST https://cloudresourcemanager.googleapis.com/v1/projects/msgtest-d13ce:testIamPermissions 200
[debug] [2026-02-04T12:28:26.672Z] <<< [apiv2][body] POST https://cloudresourcemanager.googleapis.com/v1/projects/msgtest-d13ce:testIamPermissions {"permissions":["firebase.projects.get","firebaseextensions.instances.list"]}
[debug] [2026-02-04T12:28:26.672Z] Checked if tokens are valid: true, expires at: 1770211695374
[debug] [2026-02-04T12:28:26.672Z] Checked if tokens are valid: true, expires at: 1770211695374
[debug] [2026-02-04T12:28:26.673Z] >>> [apiv2][query] GET https://firebaseextensions.googleapis.com/v1beta/projects/msgtest-d13ce/instances pageSize=100&pageToken=
[debug] [2026-02-04T12:28:27.706Z] <<< [apiv2][status] GET https://firebaseextensions.googleapis.com/v1beta/projects/msgtest-d13ce/instances 200
[debug] [2026-02-04T12:28:27.706Z] <<< [apiv2][body] GET https://firebaseextensions.googleapis.com/v1beta/projects/msgtest-d13ce/instances {}
[info] i  functions: preparing . directory for uploading... 
[info] i  functions: packaged /Users/effy/Documents/南國FRO/weekly/nangokufro_weekly (129.86 KB) for uploading 
[debug] [2026-02-04T12:28:27.761Z] Checked if tokens are valid: true, expires at: 1770211695374
[debug] [2026-02-04T12:28:27.761Z] Checked if tokens are valid: true, expires at: 1770211695374
[debug] [2026-02-04T12:28:27.761Z] >>> [apiv2][query] GET https://cloudfunctions.googleapis.com/v1/projects/msgtest-d13ce/locations/-/functions [none]
[debug] [2026-02-04T12:28:28.440Z] <<< [apiv2][status] GET https://cloudfunctions.googleapis.com/v1/projects/msgtest-d13ce/locations/-/functions 200
[debug] [2026-02-04T12:28:28.440Z] <<< [apiv2][body] GET https://cloudfunctions.googleapis.com/v1/projects/msgtest-d13ce/locations/-/functions {}
[debug] [2026-02-04T12:28:28.440Z] Checked if tokens are valid: true, expires at: 1770211695374
[debug] [2026-02-04T12:28:28.440Z] Checked if tokens are valid: true, expires at: 1770211695374
[debug] [2026-02-04T12:28:28.441Z] >>> [apiv2][query] GET https://cloudfunctions.googleapis.com/v2/projects/msgtest-d13ce/locations/-/functions filter=environment%3D%22GEN_2%22
[debug] [2026-02-04T12:28:29.803Z] <<< [apiv2][status] GET https://cloudfunctions.googleapis.com/v2/projects/msgtest-d13ce/locations/-/functions 200
[debug] [2026-02-04T12:28:29.804Z] <<< [apiv2][body] GET https://cloudfunctions.googleapis.com/v2/projects/msgtest-d13ce/locations/-/functions {"functions":[{"name":"projects/msgtest-d13ce/locations/asia-east1/functions/runMatchReportPipeline","buildConfig":{"build":"projects/1052661114378/locations/asia-east1/builds/9830077e-560c-43e8-8c10-d591e27346eb","runtime":"nodejs22","entryPoint":"runMatchReportPipeline","source":{"storageSource":{"bucket":"gcf-v2-sources-1052661114378-asia-east1","object":"runMatchReportPipeline/function-source.zip","generation":"1769958572001259"}},"environmentVariables":{"GOOGLE_NODE_RUN_SCRIPTS":""},"dockerRepository":"projects/msgtest-d13ce/locations/asia-east1/repositories/gcf-artifacts","sourceProvenance":{"resolvedStorageSource":{"bucket":"gcf-v2-sources-1052661114378-asia-east1","object":"runMatchReportPipeline/function-source.zip","generation":"1769958572001259"}},"dockerRegistry":"ARTIFACT_REGISTRY","serviceAccount":"projects/msgtest-d13ce/serviceAccounts/1052661114378-compute@developer.gserviceaccount.com","automaticUpdatePolicy":{}},"serviceConfig":{"service":"projects/msgtest-d13ce/locations/asia-east1/services/runmatchreportpipeline","timeoutSeconds":60,"environmentVariables":{"FIREBASE_CONFIG":"{\"projectId\":\"msgtest-d13ce\",\"databaseURL\":\"https://msgtest-d13ce.firebaseio.com\",\"storageBucket\":\"msgtest-d13ce.appspot.com\",\"locationId\":\"us-central\"}","GCLOUD_PROJECT":"msgtest-d13ce","EVENTARC_CLOUD_EVENT_SOURCE":"projects/msgtest-d13ce/locations/asia-east1/services/runMatchReportPipeline","FUNCTION_TARGET":"runMatchReportPipeline","LOG_EXECUTION_ID":"true"},"maxInstanceCount":20,"ingressSettings":"ALLOW_ALL","uri":"https://runmatchreportpipeline-7zbmypif6a-de.a.run.app","serviceAccountEmail":"1052661114378-compute@developer.gserviceaccount.com","availableMemory":"256Mi","allTrafficOnLatestRevision":true,"revision":"runmatchreportpipeline-00005-jaj","maxInstanceRequestConcurrency":80,"availableCpu":"1"},"state":"ACTIVE","updateTime":"2026-02-01T15:10:22.969107093Z","labels":{"deployment-tool":"cli-firebase","firebase-functions-codebase":"match","firebase-functions-hash":"d33fa750369186e779149d81baa5fee17a42b2cf"},"environment":"GEN_2","url":"https://asia-east1-msgtest-d13ce.cloudfunctions.net/runMatchReportPipeline","createTime":"2026-02-01T13:27:00.642833177Z","satisfiesPzi":true},{"name":"projects/msgtest-d13ce/locations/asia-east1/functions/runDailyRssPipeline","buildConfig":{"build":"projects/1052661114378/locations/asia-east1/builds/a0c1363f-4246-4d75-b2ff-1735772a26d1","runtime":"nodejs24","entryPoint":"runDailyRssPipeline","source":{"storageSource":{"bucket":"gcf-v2-sources-1052661114378-asia-east1","object":"runDailyRssPipeline/function-source.zip","generation":"1770178522241479"}},"environmentVariables":{"GOOGLE_NODE_RUN_SCRIPTS":""},"dockerRepository":"projects/msgtest-d13ce/locations/asia-east1/repositories/gcf-artifacts","sourceProvenance":{"resolvedStorageSource":{"bucket":"gcf-v2-sources-1052661114378-asia-east1","object":"runDailyRssPipeline/function-source.zip","generation":"1770178522241479"}},"dockerRegistry":"ARTIFACT_REGISTRY","serviceAccount":"projects/msgtest-d13ce/serviceAccounts/1052661114378-compute@developer.gserviceaccount.com","automaticUpdatePolicy":{}},"serviceConfig":{"service":"projects/msgtest-d13ce/locations/asia-east1/services/rundailyrsspipeline","timeoutSeconds":300,"environmentVariables":{"FIREBASE_CONFIG":"{\"projectId\":\"msgtest-d13ce\",\"databaseURL\":\"https://msgtest-d13ce.firebaseio.com\",\"storageBucket\":\"msgtest-d13ce.appspot.com\",\"locationId\":\"us-central\"}","GCLOUD_PROJECT":"msgtest-d13ce","EVENTARC_CLOUD_EVENT_SOURCE":"projects/msgtest-d13ce/locations/asia-east1/services/runDailyRssPipeline","FUNCTION_TARGET":"runDailyRssPipeline","LOG_EXECUTION_ID":"true","FUNCTION_SIGNATURE_TYPE":"http"},"maxInstanceCount":20,"ingressSettings":"ALLOW_ALL","uri":"https://rundailyrsspipeline-7zbmypif6a-de.a.run.app","serviceAccountEmail":"1052661114378-compute@developer.gserviceaccount.com","availableMemory":"256Mi","allTrafficOnLatestRevision":true,"revision":"rundailyrsspipeline-00016-vac","maxInstanceRequestConcurrency":80,"availableCpu":"1"},"state":"ACTIVE","updateTime":"2026-02-04T04:16:30.194029716Z","labels":{"deployment-tool":"cli-firebase","firebase-functions-hash":"2b7daac2f982ede4c319d281821d08885883d2b2"},"environment":"GEN_2","url":"https://asia-east1-msgtest-d13ce.cloudfunctions.net/runDailyRssPipeline","createTime":"2026-01-30T08:29:19.748854720Z","satisfiesPzi":true},{"name":"projects/msgtest-d13ce/locations/asia-east1/functions/runFakePipeline","buildConfig":{"build":"projects/1052661114378/locations/asia-east1/builds/a0c1363f-4246-4d75-b2ff-1735772a26d1","runtime":"nodejs24","entryPoint":"runFakePipeline","source":{"storageSource":{"bucket":"gcf-v2-sources-1052661114378-asia-east1","object":"runFakePipeline/function-source.zip","generation":"1770178579676534"}},"environmentVariables":{"GOOGLE_NODE_RUN_SCRIPTS":""},"dockerRepository":"projects/msgtest-d13ce/locations/asia-east1/repositories/gcf-artifacts","sourceProvenance":{"resolvedStorageSource":{"bucket":"gcf-v2-sources-1052661114378-asia-east1","object":"runFakePipeline/function-source.zip","generation":"1770178579676534"}},"dockerRegistry":"ARTIFACT_REGISTRY","serviceAccount":"projects/msgtest-d13ce/serviceAccounts/1052661114378-compute@developer.gserviceaccount.com","automaticUpdatePolicy":{}},"serviceConfig":{"service":"projects/msgtest-d13ce/locations/asia-east1/services/runfakepipeline","timeoutSeconds":300,"environmentVariables":{"FIREBASE_CONFIG":"{\"projectId\":\"msgtest-d13ce\",\"databaseURL\":\"https://msgtest-d13ce.firebaseio.com\",\"storageBucket\":\"msgtest-d13ce.appspot.com\",\"locationId\":\"us-central\"}","GCLOUD_PROJECT":"msgtest-d13ce","EVENTARC_CLOUD_EVENT_SOURCE":"projects/msgtest-d13ce/locations/asia-east1/services/runFakePipeline","FUNCTION_TARGET":"runFakePipeline","LOG_EXECUTION_ID":"true","FUNCTION_SIGNATURE_TYPE":"http"},"maxInstanceCount":20,"ingressSettings":"ALLOW_ALL","uri":"https://runfakepipeline-7zbmypif6a-de.a.run.app","serviceAccountEmail":"1052661114378-compute@developer.gserviceaccount.com","availableMemory":"256Mi","allTrafficOnLatestRevision":true,"revision":"runfakepipeline-00004-fur","maxInstanceRequestConcurrency":80,"availableCpu":"1"},"state":"ACTIVE","updateTime":"2026-02-04T04:16:29.850633607Z","labels":{"deployment-tool":"cli-firebase","firebase-functions-hash":"2b7daac2f982ede4c319d281821d08885883d2b2"},"environment":"GEN_2","url":"https://asia-east1-msgtest-d13ce.cloudfunctions.net/runFakePipeline","createTime":"2026-01-31T13:43:55.189679786Z","satisfiesPzi":true},{"name":"projects/msgtest-d13ce/locations/asia-east1/functions/runWeeklyPipeline","buildConfig":{"build":"projects/1052661114378/locations/asia-east1/builds/a0c1363f-4246-4d75-b2ff-1735772a26d1","runtime":"nodejs24","entryPoint":"runWeeklyPipeline","source":{"storageSource":{"bucket":"gcf-v2-sources-1052661114378-asia-east1","object":"runWeeklyPipeline/function-source.zip","generation":"1770178579921432"}},"environmentVariables":{"GOOGLE_NODE_RUN_SCRIPTS":""},"dockerRepository":"projects/msgtest-d13ce/locations/asia-east1/repositories/gcf-artifacts","sourceProvenance":{"resolvedStorageSource":{"bucket":"gcf-v2-sources-1052661114378-asia-east1","object":"runWeeklyPipeline/function-source.zip","generation":"1770178579921432"}},"dockerRegistry":"ARTIFACT_REGISTRY","serviceAccount":"projects/msgtest-d13ce/serviceAccounts/1052661114378-compute@developer.gserviceaccount.com","automaticUpdatePolicy":{}},"serviceConfig":{"service":"projects/msgtest-d13ce/locations/asia-east1/services/runweeklypipeline","timeoutSeconds":300,"environmentVariables":{"FIREBASE_CONFIG":"{\"projectId\":\"msgtest-d13ce\",\"databaseURL\":\"https://msgtest-d13ce.firebaseio.com\",\"storageBucket\":\"msgtest-d13ce.appspot.com\",\"locationId\":\"us-central\"}","GCLOUD_PROJECT":"msgtest-d13ce","EVENTARC_CLOUD_EVENT_SOURCE":"projects/msgtest-d13ce/locations/asia-east1/services/runWeeklyPipeline","FUNCTION_TARGET":"runWeeklyPipeline","LOG_EXECUTION_ID":"true","FUNCTION_SIGNATURE_TYPE":"http"},"maxInstanceCount":20,"ingressSettings":"ALLOW_ALL","uri":"https://runweeklypipeline-7zbmypif6a-de.a.run.app","serviceAccountEmail":"1052661114378-compute@developer.gserviceaccount.com","availableMemory":"256Mi","allTrafficOnLatestRevision":true,"revision":"runweeklypipeline-00016-bav","maxInstanceRequestConcurrency":80,"availableCpu":"1"},"state":"ACTIVE","updateTime":"2026-02-04T04:16:30.842673772Z","labels":{"deployment-tool":"cli-firebase","firebase-functions-hash":"2b7daac2f982ede4c319d281821d08885883d2b2"},"environment":"GEN_2","url":"https://asia-east1-msgtest-d13ce.cloudfunctions.net/runWeeklyPipeline","createTime":"2026-01-30T08:30:26.386571683Z","satisfiesPzi":true}]}
[info] i  functions: ensuring required API run.googleapis.com is enabled... 
[info] i  functions: ensuring required API eventarc.googleapis.com is enabled... 
[info] i  functions: ensuring required API pubsub.googleapis.com is enabled... 
[info] i  functions: ensuring required API storage.googleapis.com is enabled... 
[info] i  functions: generating the service identity for pubsub.googleapis.com... 
[debug] [2026-02-04T12:28:29.811Z] Checked if tokens are valid: true, expires at: 1770211695374
[debug] [2026-02-04T12:28:29.811Z] Checked if tokens are valid: true, expires at: 1770211695374
[info] i  functions: generating the service identity for eventarc.googleapis.com... 
[debug] [2026-02-04T12:28:29.811Z] Checked if tokens are valid: true, expires at: 1770211695374
[debug] [2026-02-04T12:28:29.811Z] Checked if tokens are valid: true, expires at: 1770211695374
[debug] [2026-02-04T12:28:29.812Z] >>> [apiv2][query] POST https://serviceusage.googleapis.com/v1beta1/projects/1052661114378/services/pubsub.googleapis.com:generateServiceIdentity [none]
[debug] [2026-02-04T12:28:29.812Z] >>> [apiv2][(partial)header] POST https://serviceusage.googleapis.com/v1beta1/projects/1052661114378/services/pubsub.googleapis.com:generateServiceIdentity  x-goog-user-project=1052661114378
[debug] [2026-02-04T12:28:29.812Z] >>> [apiv2][body] POST https://serviceusage.googleapis.com/v1beta1/projects/1052661114378/services/pubsub.googleapis.com:generateServiceIdentity {}
[debug] [2026-02-04T12:28:29.813Z] >>> [apiv2][query] POST https://serviceusage.googleapis.com/v1beta1/projects/1052661114378/services/eventarc.googleapis.com:generateServiceIdentity [none]
[debug] [2026-02-04T12:28:29.813Z] >>> [apiv2][(partial)header] POST https://serviceusage.googleapis.com/v1beta1/projects/1052661114378/services/eventarc.googleapis.com:generateServiceIdentity  x-goog-user-project=1052661114378
[debug] [2026-02-04T12:28:29.813Z] >>> [apiv2][body] POST https://serviceusage.googleapis.com/v1beta1/projects/1052661114378/services/eventarc.googleapis.com:generateServiceIdentity {}
[debug] [2026-02-04T12:28:31.115Z] <<< [apiv2][status] POST https://serviceusage.googleapis.com/v1beta1/projects/1052661114378/services/pubsub.googleapis.com:generateServiceIdentity 200
[debug] [2026-02-04T12:28:31.115Z] <<< [apiv2][body] POST https://serviceusage.googleapis.com/v1beta1/projects/1052661114378/services/pubsub.googleapis.com:generateServiceIdentity {"name":"operations/finished.DONE_OPERATION","done":true,"response":{"@type":"type.googleapis.com/google.api.serviceusage.v1beta1.ServiceIdentity","email":"service-1052661114378@gcp-sa-pubsub.iam.gserviceaccount.com","uniqueId":"115675499121827921889"}}
[debug] [2026-02-04T12:28:31.116Z] <<< [apiv2][status] POST https://serviceusage.googleapis.com/v1beta1/projects/1052661114378/services/eventarc.googleapis.com:generateServiceIdentity 200
[debug] [2026-02-04T12:28:31.117Z] <<< [apiv2][body] POST https://serviceusage.googleapis.com/v1beta1/projects/1052661114378/services/eventarc.googleapis.com:generateServiceIdentity {"name":"operations/finished.DONE_OPERATION","done":true,"response":{"@type":"type.googleapis.com/google.api.serviceusage.v1beta1.ServiceIdentity","email":"service-1052661114378@gcp-sa-eventarc.iam.gserviceaccount.com","uniqueId":"116157250072766025634"}}
[debug] [2026-02-04T12:28:31.125Z] Checked if tokens are valid: true, expires at: 1770211695374
[debug] [2026-02-04T12:28:31.125Z] Checked if tokens are valid: true, expires at: 1770211695374
[debug] [2026-02-04T12:28:31.125Z] >>> [apiv2][query] GET https://cloudresourcemanager.googleapis.com/v1/projects/msgtest-d13ce [none]
[debug] [2026-02-04T12:28:31.348Z] <<< [apiv2][status] GET https://cloudresourcemanager.googleapis.com/v1/projects/msgtest-d13ce 200
[debug] [2026-02-04T12:28:31.348Z] <<< [apiv2][body] GET https://cloudresourcemanager.googleapis.com/v1/projects/msgtest-d13ce {"projectNumber":"1052661114378","projectId":"msgtest-d13ce","lifecycleState":"ACTIVE","name":"nangokufro","labels":{"firebase":"enabled"},"createTime":"2017-08-28T08:19:58.953Z"}
[debug] [2026-02-04T12:28:31.348Z] Checked if tokens are valid: true, expires at: 1770211695374
[debug] [2026-02-04T12:28:31.348Z] Checked if tokens are valid: true, expires at: 1770211695374
[debug] [2026-02-04T12:28:31.348Z] >>> [apiv2][query] GET https://compute.googleapis.com/compute/v1/projects/1052661114378 [none]
[debug] [2026-02-04T12:28:31.825Z] <<< [apiv2][status] GET https://compute.googleapis.com/compute/v1/projects/1052661114378 200
[debug] [2026-02-04T12:28:31.825Z] <<< [apiv2][body] GET https://compute.googleapis.com/compute/v1/projects/1052661114378 {"kind":"compute#project","id":"3639517184764896899","creationTimestamp":"2026-01-28T19:47:57.806-08:00","name":"msgtest-d13ce","commonInstanceMetadata":{"kind":"compute#metadata","fingerprint":"bgU9wB7KjNY="},"quotas":[{"metric":"SNAPSHOTS","limit":1000,"usage":0},{"metric":"NETWORKS","limit":5,"usage":1},{"metric":"FIREWALLS","limit":100,"usage":4},{"metric":"IMAGES","limit":100,"usage":0},{"metric":"STATIC_ADDRESSES","limit":8,"usage":0},{"metric":"ROUTES","limit":200,"usage":0},{"metric":"FORWARDING_RULES","limit":15,"usage":0},{"metric":"TARGET_POOLS","limit":50,"usage":0},{"metric":"HEALTH_CHECKS","limit":75,"usage":0},{"metric":"IN_USE_ADDRESSES","limit":8,"usage":0},{"metric":"TARGET_INSTANCES","limit":50,"usage":0},{"metric":"TARGET_HTTP_PROXIES","limit":10,"usage":0},{"metric":"URL_MAPS","limit":10,"usage":0},{"metric":"BACKEND_SERVICES","limit":50,"usage":0},{"metric":"INSTANCE_TEMPLATES","limit":100,"usage":0},{"metric":"TARGET_VPN_GATEWAYS","limit":5,"usage":0},{"metric":"VPN_TUNNELS","limit":10,"usage":0},{"metric":"BACKEND_BUCKETS","limit":3,"usage":0},{"metric":"ROUTERS","limit":10,"usage":0},{"metric":"TARGET_SSL_PROXIES","limit":10,"usage":0},{"metric":"TARGET_HTTPS_PROXIES","limit":10,"usage":0},{"metric":"SSL_CERTIFICATES","limit":10,"usage":0},{"metric":"SUBNETWORKS","limit":100,"usage":0},{"metric":"TARGET_TCP_PROXIES","limit":10,"usage":0},{"metric":"CPUS_ALL_REGIONS","limit":32,"usage":0},{"metric":"SECURITY_POLICIES","limit":10,"usage":0},{"metric":"SECURITY_POLICY_RULES","limit":100,"usage":0},{"metric":"XPN_SERVICE_PROJECTS","limit":1000,"usage":0},{"metric":"PACKET_MIRRORINGS","limit":20,"usage":0},{"metric":"NETWORK_ENDPOINT_GROUPS","limit":100,"usage":0},{"metric":"INTERCONNECTS","limit":6,"usage":0},{"metric":"SSL_POLICIES","limit":10,"usage":0},{"metric":"GLOBAL_INTERNAL_ADDRESSES","limit":5000,"usage":0},{"metric":"VPN_GATEWAYS","limit":5,"usage":0},{"metric":"MACHINE_IMAGES","limit":100,"usage":0},{"metric":"SECURITY_POLICY_CEVAL_RULES","limit":20,"usage":0},{"metric":"GPUS_ALL_REGIONS","limit":0,"usage":0},{"metric":"EXTERNAL_VPN_GATEWAYS","limit":5,"usage":0},{"metric":"PUBLIC_ADVERTISED_PREFIXES","limit":1,"usage":0},{"metric":"PUBLIC_DELEGATED_PREFIXES","limit":10,"usage":0},{"metric":"STATIC_BYOIP_ADDRESSES","limit":128,"usage":0},{"metric":"NETWORK_FIREWALL_POLICIES","limit":10,"usage":0},{"metric":"INTERNAL_TRAFFIC_DIRECTOR_FORWARDING_RULES","limit":15,"usage":0},{"metric":"GLOBAL_EXTERNAL_MANAGED_FORWARDING_RULES","limit":15,"usage":0},{"metric":"GLOBAL_INTERNAL_MANAGED_BACKEND_SERVICES","limit":50,"usage":0},{"metric":"GLOBAL_EXTERNAL_MANAGED_BACKEND_SERVICES","limit":50,"usage":0},{"metric":"GLOBAL_EXTERNAL_PROXY_LB_BACKEND_SERVICES","limit":50,"usage":0},{"metric":"GLOBAL_INTERNAL_TRAFFIC_DIRECTOR_BACKEND_SERVICES","limit":250,"usage":0}],"selfLink":"https://www.googleapis.com/compute/v1/projects/msgtest-d13ce","defaultServiceAccount":"1052661114378-compute@developer.gserviceaccount.com","xpnProjectStatus":"UNSPECIFIED_XPN_PROJECT_STATUS","defaultNetworkTier":"PREMIUM","vmDnsSetting":"ZONAL_ONLY","cloudArmorTier":"CA_STANDARD"}
[debug] [2026-02-04T12:28:31.825Z] Checked if tokens are valid: true, expires at: 1770211695374
[debug] [2026-02-04T12:28:31.825Z] Checked if tokens are valid: true, expires at: 1770211695374
[debug] [2026-02-04T12:28:31.826Z] >>> [apiv2][query] GET https://cloudbilling.googleapis.com/v1/projects/msgtest-d13ce/billingInfo [none]
[debug] [2026-02-04T12:28:32.948Z] <<< [apiv2][status] GET https://cloudbilling.googleapis.com/v1/projects/msgtest-d13ce/billingInfo 200
[debug] [2026-02-04T12:28:32.949Z] <<< [apiv2][body] GET https://cloudbilling.googleapis.com/v1/projects/msgtest-d13ce/billingInfo {"name":"projects/msgtest-d13ce/billingInfo","projectId":"msgtest-d13ce","billingAccountName":"billingAccounts/01DCDD-E1704C-A1CEC4","billingEnabled":true}
[debug] [2026-02-04T12:28:32.952Z] Checked if tokens are valid: true, expires at: 1770211695374
[debug] [2026-02-04T12:28:32.952Z] Checked if tokens are valid: true, expires at: 1770211695374
[debug] [2026-02-04T12:28:32.953Z] >>> [apiv2][query] POST https://cloudfunctions.googleapis.com/v2/projects/msgtest-d13ce/locations/asia-east1/functions:generateUploadUrl [none]
[debug] [2026-02-04T12:28:33.075Z] <<< [apiv2][status] POST https://cloudfunctions.googleapis.com/v2/projects/msgtest-d13ce/locations/asia-east1/functions:generateUploadUrl 200
[debug] [2026-02-04T12:28:33.076Z] <<< [apiv2][body] POST https://cloudfunctions.googleapis.com/v2/projects/msgtest-d13ce/locations/asia-east1/functions:generateUploadUrl {"uploadUrl":"https://storage.googleapis.com/gcf-v2-uploads-1052661114378.asia-east1.cloudfunctions.appspot.com/37ee57a6-e309-4d45-94d7-a90b98342229.zip?GoogleAccessId=service-1052661114378@gcf-admin-robot.iam.gserviceaccount.com&Expires=1770209913&Signature=PqOlfT7uuSl6eDYY%2BwsHS%2BpTSEhI2sotxHs21pCfXYca2Fgk%2B3cWsk6pNCeVOedQ85wNz3CtPCPUE2b9A6hkEnVfuDEXYiwqcgvMNIKId%2B44prfxyb2ymq%2FHW0WINmeykuEu%2FDVtCG%2BMbp7YQX8QgHuwgWvnwRjGK92Iy4QQNJ8kjL3rOh3VxfpZjpfxqmDQ0NNcDpeI%2Fou5eKMYY7CyK0yyOHFLHky9OUV0QtntA1DtpprEgGgOxOSahwUMIzE9f0zQhtkkUKm7us9M43imu38ZtFMYyAQYOvaUk7TAK2%2BMtHIkrluM8BPU5oHz3ALa2xeJzl2QaOGRz5bwNEfjqw%3D%3D","storageSource":{"bucket":"gcf-v2-uploads-1052661114378.asia-east1.cloudfunctions.appspot.com","object":"37ee57a6-e309-4d45-94d7-a90b98342229.zip"}}
[debug] [2026-02-04T12:28:33.079Z] >>> [apiv2][query] PUT https://storage.googleapis.com/gcf-v2-uploads-1052661114378.asia-east1.cloudfunctions.appspot.com/37ee57a6-e309-4d45-94d7-a90b98342229.zip GoogleAccessId=service-1052661114378%40gcf-admin-robot.iam.gserviceaccount.com&Expires=1770209913&Signature=PqOlfT7uuSl6eDYY%2BwsHS%2BpTSEhI2sotxHs21pCfXYca2Fgk%2B3cWsk6pNCeVOedQ85wNz3CtPCPUE2b9A6hkEnVfuDEXYiwqcgvMNIKId%2B44prfxyb2ymq%2FHW0WINmeykuEu%2FDVtCG%2BMbp7YQX8QgHuwgWvnwRjGK92Iy4QQNJ8kjL3rOh3VxfpZjpfxqmDQ0NNcDpeI%2Fou5eKMYY7CyK0yyOHFLHky9OUV0QtntA1DtpprEgGgOxOSahwUMIzE9f0zQhtkkUKm7us9M43imu38ZtFMYyAQYOvaUk7TAK2%2BMtHIkrluM8BPU5oHz3ALa2xeJzl2QaOGRz5bwNEfjqw%3D%3D
[debug] [2026-02-04T12:28:33.080Z] >>> [apiv2][body] PUT https://storage.googleapis.com/gcf-v2-uploads-1052661114378.asia-east1.cloudfunctions.appspot.com/37ee57a6-e309-4d45-94d7-a90b98342229.zip [stream]
[debug] [2026-02-04T12:28:33.229Z] <<< [apiv2][status] PUT https://storage.googleapis.com/gcf-v2-uploads-1052661114378.asia-east1.cloudfunctions.appspot.com/37ee57a6-e309-4d45-94d7-a90b98342229.zip 200
[debug] [2026-02-04T12:28:33.229Z] <<< [apiv2][body] PUT https://storage.googleapis.com/gcf-v2-uploads-1052661114378.asia-east1.cloudfunctions.appspot.com/37ee57a6-e309-4d45-94d7-a90b98342229.zip [omitted]
[info] ✔  functions: . source uploaded successfully 
[info] i  functions: updating Node.js 24 (2nd Gen) function runDailyRssPipeline(asia-east1)... 
[info] i  functions: updating Node.js 24 (2nd Gen) function runFakePipeline(asia-east1)... 
[info] i  functions: updating Node.js 24 (2nd Gen) function runWeeklyPipeline(asia-east1)... 
[debug] [2026-02-04T12:28:33.232Z] Checked if tokens are valid: true, expires at: 1770211695374
[debug] [2026-02-04T12:28:33.232Z] Checked if tokens are valid: true, expires at: 1770211695374
[debug] [2026-02-04T12:28:33.232Z] >>> [apiv2][query] PATCH https://cloudfunctions.googleapis.com/v2/projects/msgtest-d13ce/locations/asia-east1/functions/runDailyRssPipeline updateMask=name%2CbuildConfig.runtime%2CbuildConfig.entryPoint%2CbuildConfig.source.storageSource.bucket%2CbuildConfig.source.storageSource.object%2CbuildConfig.environmentVariables%2CbuildConfig.sourceToken%2CserviceConfig.environmentVariables%2CserviceConfig.ingressSettings%2CserviceConfig.timeoutSeconds%2CserviceConfig.serviceAccountEmail%2CserviceConfig.availableMemory%2CserviceConfig.minInstanceCount%2CserviceConfig.maxInstanceCount%2CserviceConfig.maxInstanceRequestConcurrency%2CserviceConfig.availableCpu%2CserviceConfig.vpcConnector%2CserviceConfig.vpcConnectorEgressSettings%2Clabels
[debug] [2026-02-04T12:28:33.232Z] >>> [apiv2][body] PATCH https://cloudfunctions.googleapis.com/v2/projects/msgtest-d13ce/locations/asia-east1/functions/runDailyRssPipeline {"name":"projects/msgtest-d13ce/locations/asia-east1/functions/runDailyRssPipeline","buildConfig":{"runtime":"nodejs24","entryPoint":"runDailyRssPipeline","source":{"storageSource":{"bucket":"gcf-v2-uploads-1052661114378.asia-east1.cloudfunctions.appspot.com","object":"37ee57a6-e309-4d45-94d7-a90b98342229.zip"}},"environmentVariables":{"GOOGLE_NODE_RUN_SCRIPTS":""}},"serviceConfig":{"environmentVariables":{"FIREBASE_CONFIG":"{\"projectId\":\"msgtest-d13ce\",\"databaseURL\":\"https://msgtest-d13ce.firebaseio.com\",\"storageBucket\":\"msgtest-d13ce.appspot.com\",\"locationId\":\"us-central\"}","GCLOUD_PROJECT":"msgtest-d13ce","EVENTARC_CLOUD_EVENT_SOURCE":"projects/msgtest-d13ce/locations/asia-east1/services/runDailyRssPipeline","FUNCTION_TARGET":"runDailyRssPipeline","LOG_EXECUTION_ID":"true","FUNCTION_SIGNATURE_TYPE":"http"},"ingressSettings":null,"timeoutSeconds":300,"serviceAccountEmail":null,"availableMemory":"256Mi","minInstanceCount":null,"maxInstanceCount":null,"maxInstanceRequestConcurrency":80,"availableCpu":"1","vpcConnector":null,"vpcConnectorEgressSettings":null},"labels":{"deployment-tool":"cli-firebase","firebase-functions-hash":"df74557155edfb3f0957020d533cddf62b242bfc"}}
[debug] [2026-02-04T12:28:34.520Z] <<< [apiv2][status] PATCH https://cloudfunctions.googleapis.com/v2/projects/msgtest-d13ce/locations/asia-east1/functions/runDailyRssPipeline 200
[debug] [2026-02-04T12:28:34.521Z] <<< [apiv2][body] PATCH https://cloudfunctions.googleapis.com/v2/projects/msgtest-d13ce/locations/asia-east1/functions/runDailyRssPipeline {"name":"projects/msgtest-d13ce/locations/asia-east1/operations/operation-1770208113282-649feb1c54d06-1962aca3-f2242b49","metadata":{"@type":"type.googleapis.com/google.cloud.functions.v2.OperationMetadata","createTime":"2026-02-04T12:28:34.491686312Z","target":"projects/msgtest-d13ce/locations/asia-east1/functions/runDailyRssPipeline","verb":"update","cancelRequested":false,"apiVersion":"v2"},"done":false}
[debug] [2026-02-04T12:28:34.521Z] Checked if tokens are valid: true, expires at: 1770211695374
[debug] [2026-02-04T12:28:34.521Z] Checked if tokens are valid: true, expires at: 1770211695374
[debug] [2026-02-04T12:28:34.521Z] >>> [apiv2][query] GET https://cloudfunctions.googleapis.com/v2/projects/msgtest-d13ce/locations/asia-east1/operations/operation-1770208113282-649feb1c54d06-1962aca3-f2242b49 [none]
[debug] [2026-02-04T12:28:34.583Z] <<< [apiv2][status] GET https://cloudfunctions.googleapis.com/v2/projects/msgtest-d13ce/locations/asia-east1/operations/operation-1770208113282-649feb1c54d06-1962aca3-f2242b49 200
[debug] [2026-02-04T12:28:34.583Z] <<< [apiv2][body] GET https://cloudfunctions.googleapis.com/v2/projects/msgtest-d13ce/locations/asia-east1/operations/operation-1770208113282-649feb1c54d06-1962aca3-f2242b49 {"name":"projects/msgtest-d13ce/locations/asia-east1/operations/operation-1770208113282-649feb1c54d06-1962aca3-f2242b49","metadata":{"@type":"type.googleapis.com/google.cloud.functions.v2.OperationMetadata","createTime":"2026-02-04T12:28:34.491686312Z","target":"projects/msgtest-d13ce/locations/asia-east1/functions/runDailyRssPipeline","verb":"update","cancelRequested":false,"apiVersion":"v2"},"done":false}
[debug] [2026-02-04T12:28:35.084Z] [update-default-asia-east1-runDailyRssPipeline] Retrying task index 0
[debug] [2026-02-04T12:28:35.085Z] Checked if tokens are valid: true, expires at: 1770211695374
[debug] [2026-02-04T12:28:35.085Z] Checked if tokens are valid: true, expires at: 1770211695374
[debug] [2026-02-04T12:28:35.085Z] >>> [apiv2][query] GET https://cloudfunctions.googleapis.com/v2/projects/msgtest-d13ce/locations/asia-east1/operations/operation-1770208113282-649feb1c54d06-1962aca3-f2242b49 [none]
[debug] [2026-02-04T12:28:35.140Z] <<< [apiv2][status] GET https://cloudfunctions.googleapis.com/v2/projects/msgtest-d13ce/locations/asia-east1/operations/operation-1770208113282-649feb1c54d06-1962aca3-f2242b49 200
[debug] [2026-02-04T12:28:35.140Z] <<< [apiv2][body] GET https://cloudfunctions.googleapis.com/v2/projects/msgtest-d13ce/locations/asia-east1/operations/operation-1770208113282-649feb1c54d06-1962aca3-f2242b49 {"name":"projects/msgtest-d13ce/locations/asia-east1/operations/operation-1770208113282-649feb1c54d06-1962aca3-f2242b49","metadata":{"@type":"type.googleapis.com/google.cloud.functions.v2.OperationMetadata","createTime":"2026-02-04T12:28:34.491686312Z","target":"projects/msgtest-d13ce/locations/asia-east1/functions/runDailyRssPipeline","verb":"update","cancelRequested":false,"apiVersion":"v2","requestResource":{"@type":"type.googleapis.com/google.cloud.functions.v2.Function","name":"projects/msgtest-d13ce/locations/asia-east1/functions/runDailyRssPipeline","buildConfig":{"runtime":"nodejs24","entryPoint":"runDailyRssPipeline","source":{"storageSource":{"bucket":"gcf-v2-sources-1052661114378-asia-east1","object":"runDailyRssPipeline/function-source.zip","generation":"1770208114390795"}},"environmentVariables":{"GOOGLE_NODE_RUN_SCRIPTS":""},"dockerRepository":"projects/msgtest-d13ce/locations/asia-east1/repositories/gcf-artifacts","sourceProvenance":{"resolvedStorageSource":{"bucket":"gcf-v2-sources-1052661114378-asia-east1","object":"runDailyRssPipeline/function-source.zip","generation":"1770178522241479"}},"dockerRegistry":"ARTIFACT_REGISTRY","serviceAccount":"projects/msgtest-d13ce/serviceAccounts/1052661114378-compute@developer.gserviceaccount.com","automaticUpdatePolicy":{}},"serviceConfig":{"service":"projects/msgtest-d13ce/locations/asia-east1/services/rundailyrsspipeline","timeoutSeconds":300,"environmentVariables":{"FIREBASE_CONFIG":"{\"projectId\":\"msgtest-d13ce\",\"databaseURL\":\"https://msgtest-d13ce.firebaseio.com\",\"storageBucket\":\"msgtest-d13ce.appspot.com\",\"locationId\":\"us-central\"}","GCLOUD_PROJECT":"msgtest-d13ce","EVENTARC_CLOUD_EVENT_SOURCE":"projects/msgtest-d13ce/locations/asia-east1/services/runDailyRssPipeline","FUNCTION_TARGET":"runDailyRssPipeline","LOG_EXECUTION_ID":"true","FUNCTION_SIGNATURE_TYPE":"http"},"ingressSettings":"ALLOW_ALL","uri":"https://rundailyrsspipeline-7zbmypif6a-de.a.run.app","serviceAccountEmail":"1052661114378-compute@developer.gserviceaccount.com","availableMemory":"256Mi","allTrafficOnLatestRevision":true,"revision":"rundailyrsspipeline-00016-vac","maxInstanceRequestConcurrency":80,"availableCpu":"1"},"state":"ACTIVE","labels":{"deployment-tool":"cli-firebase","firebase-functions-hash":"df74557155edfb3f0957020d533cddf62b242bfc"},"environment":"GEN_2","url":"https://asia-east1-msgtest-d13ce.cloudfunctions.net/runDailyRssPipeline","satisfiesPzi":true},"stages":[{"name":"BUILD","state":"NOT_STARTED"},{"name":"SERVICE","state":"NOT_STARTED"}],"operationType":"UPDATE_FUNCTION"},"done":false}
[debug] [2026-02-04T12:28:36.141Z] [update-default-asia-east1-runDailyRssPipeline] Retrying task index 0
[debug] [2026-02-04T12:28:36.142Z] Checked if tokens are valid: true, expires at: 1770211695374
[debug] [2026-02-04T12:28:36.142Z] Checked if tokens are valid: true, expires at: 1770211695374
[debug] [2026-02-04T12:28:36.142Z] >>> [apiv2][query] GET https://cloudfunctions.googleapis.com/v2/projects/msgtest-d13ce/locations/asia-east1/operations/operation-1770208113282-649feb1c54d06-1962aca3-f2242b49 [none]
[debug] [2026-02-04T12:28:36.199Z] <<< [apiv2][status] GET https://cloudfunctions.googleapis.com/v2/projects/msgtest-d13ce/locations/asia-east1/operations/operation-1770208113282-649feb1c54d06-1962aca3-f2242b49 200
[debug] [2026-02-04T12:28:36.200Z] <<< [apiv2][body] GET https://cloudfunctions.googleapis.com/v2/projects/msgtest-d13ce/locations/asia-east1/operations/operation-1770208113282-649feb1c54d06-1962aca3-f2242b49 {"name":"projects/msgtest-d13ce/locations/asia-east1/operations/operation-1770208113282-649feb1c54d06-1962aca3-f2242b49","metadata":{"@type":"type.googleapis.com/google.cloud.functions.v2.OperationMetadata","createTime":"2026-02-04T12:28:34.491686312Z","target":"projects/msgtest-d13ce/locations/asia-east1/functions/runDailyRssPipeline","verb":"update","cancelRequested":false,"apiVersion":"v2","requestResource":{"@type":"type.googleapis.com/google.cloud.functions.v2.Function","name":"projects/msgtest-d13ce/locations/asia-east1/functions/runDailyRssPipeline","buildConfig":{"runtime":"nodejs24","entryPoint":"runDailyRssPipeline","source":{"storageSource":{"bucket":"gcf-v2-sources-1052661114378-asia-east1","object":"runDailyRssPipeline/function-source.zip","generation":"1770208114390795"}},"environmentVariables":{"GOOGLE_NODE_RUN_SCRIPTS":""},"dockerRepository":"projects/msgtest-d13ce/locations/asia-east1/repositories/gcf-artifacts","sourceProvenance":{"resolvedStorageSource":{"bucket":"gcf-v2-sources-1052661114378-asia-east1","object":"runDailyRssPipeline/function-source.zip","generation":"1770178522241479"}},"dockerRegistry":"ARTIFACT_REGISTRY","serviceAccount":"projects/msgtest-d13ce/serviceAccounts/1052661114378-compute@developer.gserviceaccount.com","automaticUpdatePolicy":{}},"serviceConfig":{"service":"projects/msgtest-d13ce/locations/asia-east1/services/rundailyrsspipeline","timeoutSeconds":300,"environmentVariables":{"FIREBASE_CONFIG":"{\"projectId\":\"msgtest-d13ce\",\"databaseURL\":\"https://msgtest-d13ce.firebaseio.com\",\"storageBucket\":\"msgtest-d13ce.appspot.com\",\"locationId\":\"us-central\"}","GCLOUD_PROJECT":"msgtest-d13ce","EVENTARC_CLOUD_EVENT_SOURCE":"projects/msgtest-d13ce/locations/asia-east1/services/runDailyRssPipeline","FUNCTION_TARGET":"runDailyRssPipeline","LOG_EXECUTION_ID":"true","FUNCTION_SIGNATURE_TYPE":"http"},"ingressSettings":"ALLOW_ALL","uri":"https://rundailyrsspipeline-7zbmypif6a-de.a.run.app","serviceAccountEmail":"1052661114378-compute@developer.gserviceaccount.com","availableMemory":"256Mi","allTrafficOnLatestRevision":true,"revision":"rundailyrsspipeline-00016-vac","maxInstanceRequestConcurrency":80,"availableCpu":"1"},"state":"ACTIVE","labels":{"deployment-tool":"cli-firebase","firebase-functions-hash":"df74557155edfb3f0957020d533cddf62b242bfc"},"environment":"GEN_2","url":"https://asia-east1-msgtest-d13ce.cloudfunctions.net/runDailyRssPipeline","satisfiesPzi":true},"stages":[{"name":"BUILD","message":"Creating build","state":"IN_PROGRESS","resource":"projects/1052661114378/locations/asia-east1/builds/c0847646-6ee3-454c-a827-90e0ca2a13a4","resourceUri":"https://console.cloud.google.com/cloud-build/builds;region=asia-east1/c0847646-6ee3-454c-a827-90e0ca2a13a4?project=1052661114378"},{"name":"SERVICE","state":"NOT_STARTED"}],"operationType":"UPDATE_FUNCTION","buildName":"projects/1052661114378/locations/asia-east1/builds/c0847646-6ee3-454c-a827-90e0ca2a13a4"},"done":false}
[debug] [2026-02-04T12:28:38.203Z] [update-default-asia-east1-runDailyRssPipeline] Retrying task index 0
[debug] [2026-02-04T12:28:38.204Z] Checked if tokens are valid: true, expires at: 1770211695374
[debug] [2026-02-04T12:28:38.204Z] Checked if tokens are valid: true, expires at: 1770211695374
[debug] [2026-02-04T12:28:38.205Z] >>> [apiv2][query] GET https://cloudfunctions.googleapis.com/v2/projects/msgtest-d13ce/locations/asia-east1/operations/operation-1770208113282-649feb1c54d06-1962aca3-f2242b49 [none]
[debug] [2026-02-04T12:28:38.274Z] <<< [apiv2][status] GET https://cloudfunctions.googleapis.com/v2/projects/msgtest-d13ce/locations/asia-east1/operations/operation-1770208113282-649feb1c54d06-1962aca3-f2242b49 200
[debug] [2026-02-04T12:28:38.274Z] <<< [apiv2][body] GET https://cloudfunctions.googleapis.com/v2/projects/msgtest-d13ce/locations/asia-east1/operations/operation-1770208113282-649feb1c54d06-1962aca3-f2242b49 {"name":"projects/msgtest-d13ce/locations/asia-east1/operations/operation-1770208113282-649feb1c54d06-1962aca3-f2242b49","metadata":{"@type":"type.googleapis.com/google.cloud.functions.v2.OperationMetadata","createTime":"2026-02-04T12:28:34.491686312Z","target":"projects/msgtest-d13ce/locations/asia-east1/functions/runDailyRssPipeline","verb":"update","cancelRequested":false,"apiVersion":"v2","requestResource":{"@type":"type.googleapis.com/google.cloud.functions.v2.Function","name":"projects/msgtest-d13ce/locations/asia-east1/functions/runDailyRssPipeline","buildConfig":{"runtime":"nodejs24","entryPoint":"runDailyRssPipeline","source":{"storageSource":{"bucket":"gcf-v2-sources-1052661114378-asia-east1","object":"runDailyRssPipeline/function-source.zip","generation":"1770208114390795"}},"environmentVariables":{"GOOGLE_NODE_RUN_SCRIPTS":""},"dockerRepository":"projects/msgtest-d13ce/locations/asia-east1/repositories/gcf-artifacts","sourceProvenance":{"resolvedStorageSource":{"bucket":"gcf-v2-sources-1052661114378-asia-east1","object":"runDailyRssPipeline/function-source.zip","generation":"1770178522241479"}},"dockerRegistry":"ARTIFACT_REGISTRY","serviceAccount":"projects/msgtest-d13ce/serviceAccounts/1052661114378-compute@developer.gserviceaccount.com","automaticUpdatePolicy":{}},"serviceConfig":{"service":"projects/msgtest-d13ce/locations/asia-east1/services/rundailyrsspipeline","timeoutSeconds":300,"environmentVariables":{"FIREBASE_CONFIG":"{\"projectId\":\"msgtest-d13ce\",\"databaseURL\":\"https://msgtest-d13ce.firebaseio.com\",\"storageBucket\":\"msgtest-d13ce.appspot.com\",\"locationId\":\"us-central\"}","GCLOUD_PROJECT":"msgtest-d13ce","EVENTARC_CLOUD_EVENT_SOURCE":"projects/msgtest-d13ce/locations/asia-east1/services/runDailyRssPipeline","FUNCTION_TARGET":"runDailyRssPipeline","LOG_EXECUTION_ID":"true","FUNCTION_SIGNATURE_TYPE":"http"},"ingressSettings":"ALLOW_ALL","uri":"https://rundailyrsspipeline-7zbmypif6a-de.a.run.app","serviceAccountEmail":"1052661114378-compute@developer.gserviceaccount.com","availableMemory":"256Mi","allTrafficOnLatestRevision":true,"revision":"rundailyrsspipeline-00016-vac","maxInstanceRequestConcurrency":80,"availableCpu":"1"},"state":"ACTIVE","labels":{"deployment-tool":"cli-firebase","firebase-functions-hash":"df74557155edfb3f0957020d533cddf62b242bfc"},"environment":"GEN_2","url":"https://asia-east1-msgtest-d13ce.cloudfunctions.net/runDailyRssPipeline","satisfiesPzi":true},"stages":[{"name":"BUILD","message":"Build in progress","state":"IN_PROGRESS","resource":"projects/1052661114378/locations/asia-east1/builds/c0847646-6ee3-454c-a827-90e0ca2a13a4","resourceUri":"https://console.cloud.google.com/cloud-build/builds;region=asia-east1/c0847646-6ee3-454c-a827-90e0ca2a13a4?project=1052661114378"},{"name":"SERVICE","state":"NOT_STARTED"}],"operationType":"UPDATE_FUNCTION","buildName":"projects/1052661114378/locations/asia-east1/builds/c0847646-6ee3-454c-a827-90e0ca2a13a4"},"done":false}
[debug] [2026-02-04T12:28:42.274Z] [update-default-asia-east1-runDailyRssPipeline] Retrying task index 0
[debug] [2026-02-04T12:28:42.275Z] Checked if tokens are valid: true, expires at: 1770211695374
[debug] [2026-02-04T12:28:42.275Z] Checked if tokens are valid: true, expires at: 1770211695374
[debug] [2026-02-04T12:28:42.275Z] >>> [apiv2][query] GET https://cloudfunctions.googleapis.com/v2/projects/msgtest-d13ce/locations/asia-east1/operations/operation-1770208113282-649feb1c54d06-1962aca3-f2242b49 [none]
[debug] [2026-02-04T12:28:42.319Z] <<< [apiv2][status] GET https://cloudfunctions.googleapis.com/v2/projects/msgtest-d13ce/locations/asia-east1/operations/operation-1770208113282-649feb1c54d06-1962aca3-f2242b49 200
[debug] [2026-02-04T12:28:42.319Z] <<< [apiv2][body] GET https://cloudfunctions.googleapis.com/v2/projects/msgtest-d13ce/locations/asia-east1/operations/operation-1770208113282-649feb1c54d06-1962aca3-f2242b49 {"name":"projects/msgtest-d13ce/locations/asia-east1/operations/operation-1770208113282-649feb1c54d06-1962aca3-f2242b49","metadata":{"@type":"type.googleapis.com/google.cloud.functions.v2.OperationMetadata","createTime":"2026-02-04T12:28:34.491686312Z","target":"projects/msgtest-d13ce/locations/asia-east1/functions/runDailyRssPipeline","verb":"update","cancelRequested":false,"apiVersion":"v2","requestResource":{"@type":"type.googleapis.com/google.cloud.functions.v2.Function","name":"projects/msgtest-d13ce/locations/asia-east1/functions/runDailyRssPipeline","buildConfig":{"runtime":"nodejs24","entryPoint":"runDailyRssPipeline","source":{"storageSource":{"bucket":"gcf-v2-sources-1052661114378-asia-east1","object":"runDailyRssPipeline/function-source.zip","generation":"1770208114390795"}},"environmentVariables":{"GOOGLE_NODE_RUN_SCRIPTS":""},"dockerRepository":"projects/msgtest-d13ce/locations/asia-east1/repositories/gcf-artifacts","sourceProvenance":{"resolvedStorageSource":{"bucket":"gcf-v2-sources-1052661114378-asia-east1","object":"runDailyRssPipeline/function-source.zip","generation":"1770178522241479"}},"dockerRegistry":"ARTIFACT_REGISTRY","serviceAccount":"projects/msgtest-d13ce/serviceAccounts/1052661114378-compute@developer.gserviceaccount.com","automaticUpdatePolicy":{}},"serviceConfig":{"service":"projects/msgtest-d13ce/locations/asia-east1/services/rundailyrsspipeline","timeoutSeconds":300,"environmentVariables":{"FIREBASE_CONFIG":"{\"projectId\":\"msgtest-d13ce\",\"databaseURL\":\"https://msgtest-d13ce.firebaseio.com\",\"storageBucket\":\"msgtest-d13ce.appspot.com\",\"locationId\":\"us-central\"}","GCLOUD_PROJECT":"msgtest-d13ce","EVENTARC_CLOUD_EVENT_SOURCE":"projects/msgtest-d13ce/locations/asia-east1/services/runDailyRssPipeline","FUNCTION_TARGET":"runDailyRssPipeline","LOG_EXECUTION_ID":"true","FUNCTION_SIGNATURE_TYPE":"http"},"ingressSettings":"ALLOW_ALL","uri":"https://rundailyrsspipeline-7zbmypif6a-de.a.run.app","serviceAccountEmail":"1052661114378-compute@developer.gserviceaccount.com","availableMemory":"256Mi","allTrafficOnLatestRevision":true,"revision":"rundailyrsspipeline-00016-vac","maxInstanceRequestConcurrency":80,"availableCpu":"1"},"state":"ACTIVE","labels":{"deployment-tool":"cli-firebase","firebase-functions-hash":"df74557155edfb3f0957020d533cddf62b242bfc"},"environment":"GEN_2","url":"https://asia-east1-msgtest-d13ce.cloudfunctions.net/runDailyRssPipeline","satisfiesPzi":true},"stages":[{"name":"BUILD","message":"Build in progress","state":"IN_PROGRESS","resource":"projects/1052661114378/locations/asia-east1/builds/c0847646-6ee3-454c-a827-90e0ca2a13a4","resourceUri":"https://console.cloud.google.com/cloud-build/builds;region=asia-east1/c0847646-6ee3-454c-a827-90e0ca2a13a4?project=1052661114378"},{"name":"SERVICE","state":"NOT_STARTED"}],"operationType":"UPDATE_FUNCTION","buildName":"projects/1052661114378/locations/asia-east1/builds/c0847646-6ee3-454c-a827-90e0ca2a13a4"},"done":false}
[debug] [2026-02-04T12:28:50.321Z] [update-default-asia-east1-runDailyRssPipeline] Retrying task index 0
[debug] [2026-02-04T12:28:50.326Z] Checked if tokens are valid: true, expires at: 1770211695374
[debug] [2026-02-04T12:28:50.326Z] Checked if tokens are valid: true, expires at: 1770211695374
[debug] [2026-02-04T12:28:50.327Z] >>> [apiv2][query] GET https://cloudfunctions.googleapis.com/v2/projects/msgtest-d13ce/locations/asia-east1/operations/operation-1770208113282-649feb1c54d06-1962aca3-f2242b49 [none]
[debug] [2026-02-04T12:28:50.394Z] <<< [apiv2][status] GET https://cloudfunctions.googleapis.com/v2/projects/msgtest-d13ce/locations/asia-east1/operations/operation-1770208113282-649feb1c54d06-1962aca3-f2242b49 200
[debug] [2026-02-04T12:28:50.394Z] <<< [apiv2][body] GET https://cloudfunctions.googleapis.com/v2/projects/msgtest-d13ce/locations/asia-east1/operations/operation-1770208113282-649feb1c54d06-1962aca3-f2242b49 {"name":"projects/msgtest-d13ce/locations/asia-east1/operations/operation-1770208113282-649feb1c54d06-1962aca3-f2242b49","metadata":{"@type":"type.googleapis.com/google.cloud.functions.v2.OperationMetadata","createTime":"2026-02-04T12:28:34.491686312Z","target":"projects/msgtest-d13ce/locations/asia-east1/functions/runDailyRssPipeline","verb":"update","cancelRequested":false,"apiVersion":"v2","requestResource":{"@type":"type.googleapis.com/google.cloud.functions.v2.Function","name":"projects/msgtest-d13ce/locations/asia-east1/functions/runDailyRssPipeline","buildConfig":{"runtime":"nodejs24","entryPoint":"runDailyRssPipeline","source":{"storageSource":{"bucket":"gcf-v2-sources-1052661114378-asia-east1","object":"runDailyRssPipeline/function-source.zip","generation":"1770208114390795"}},"environmentVariables":{"GOOGLE_NODE_RUN_SCRIPTS":""},"dockerRepository":"projects/msgtest-d13ce/locations/asia-east1/repositories/gcf-artifacts","sourceProvenance":{"resolvedStorageSource":{"bucket":"gcf-v2-sources-1052661114378-asia-east1","object":"runDailyRssPipeline/function-source.zip","generation":"1770178522241479"}},"dockerRegistry":"ARTIFACT_REGISTRY","serviceAccount":"projects/msgtest-d13ce/serviceAccounts/1052661114378-compute@developer.gserviceaccount.com","automaticUpdatePolicy":{}},"serviceConfig":{"service":"projects/msgtest-d13ce/locations/asia-east1/services/rundailyrsspipeline","timeoutSeconds":300,"environmentVariables":{"FIREBASE_CONFIG":"{\"projectId\":\"msgtest-d13ce\",\"databaseURL\":\"https://msgtest-d13ce.firebaseio.com\",\"storageBucket\":\"msgtest-d13ce.appspot.com\",\"locationId\":\"us-central\"}","GCLOUD_PROJECT":"msgtest-d13ce","EVENTARC_CLOUD_EVENT_SOURCE":"projects/msgtest-d13ce/locations/asia-east1/services/runDailyRssPipeline","FUNCTION_TARGET":"runDailyRssPipeline","LOG_EXECUTION_ID":"true","FUNCTION_SIGNATURE_TYPE":"http"},"ingressSettings":"ALLOW_ALL","uri":"https://rundailyrsspipeline-7zbmypif6a-de.a.run.app","serviceAccountEmail":"1052661114378-compute@developer.gserviceaccount.com","availableMemory":"256Mi","allTrafficOnLatestRevision":true,"revision":"rundailyrsspipeline-00016-vac","maxInstanceRequestConcurrency":80,"availableCpu":"1"},"state":"ACTIVE","labels":{"deployment-tool":"cli-firebase","firebase-functions-hash":"df74557155edfb3f0957020d533cddf62b242bfc"},"environment":"GEN_2","url":"https://asia-east1-msgtest-d13ce.cloudfunctions.net/runDailyRssPipeline","satisfiesPzi":true},"stages":[{"name":"BUILD","message":"Build in progress","state":"IN_PROGRESS","resource":"projects/1052661114378/locations/asia-east1/builds/c0847646-6ee3-454c-a827-90e0ca2a13a4","resourceUri":"https://console.cloud.google.com/cloud-build/builds;region=asia-east1/c0847646-6ee3-454c-a827-90e0ca2a13a4?project=1052661114378"},{"name":"SERVICE","state":"NOT_STARTED"}],"operationType":"UPDATE_FUNCTION","buildName":"projects/1052661114378/locations/asia-east1/builds/c0847646-6ee3-454c-a827-90e0ca2a13a4"},"done":false}
[debug] [2026-02-04T12:29:00.396Z] [update-default-asia-east1-runDailyRssPipeline] Retrying task index 0
[debug] [2026-02-04T12:29:00.404Z] Checked if tokens are valid: true, expires at: 1770211695374
[debug] [2026-02-04T12:29:00.404Z] Checked if tokens are valid: true, expires at: 1770211695374
[debug] [2026-02-04T12:29:00.405Z] >>> [apiv2][query] GET https://cloudfunctions.googleapis.com/v2/projects/msgtest-d13ce/locations/asia-east1/operations/operation-1770208113282-649feb1c54d06-1962aca3-f2242b49 [none]
[debug] [2026-02-04T12:29:00.541Z] <<< [apiv2][status] GET https://cloudfunctions.googleapis.com/v2/projects/msgtest-d13ce/locations/asia-east1/operations/operation-1770208113282-649feb1c54d06-1962aca3-f2242b49 200
[debug] [2026-02-04T12:29:00.542Z] <<< [apiv2][body] GET https://cloudfunctions.googleapis.com/v2/projects/msgtest-d13ce/locations/asia-east1/operations/operation-1770208113282-649feb1c54d06-1962aca3-f2242b49 {"name":"projects/msgtest-d13ce/locations/asia-east1/operations/operation-1770208113282-649feb1c54d06-1962aca3-f2242b49","metadata":{"@type":"type.googleapis.com/google.cloud.functions.v2.OperationMetadata","createTime":"2026-02-04T12:28:34.491686312Z","target":"projects/msgtest-d13ce/locations/asia-east1/functions/runDailyRssPipeline","verb":"update","cancelRequested":false,"apiVersion":"v2","requestResource":{"@type":"type.googleapis.com/google.cloud.functions.v2.Function","name":"projects/msgtest-d13ce/locations/asia-east1/functions/runDailyRssPipeline","buildConfig":{"runtime":"nodejs24","entryPoint":"runDailyRssPipeline","source":{"storageSource":{"bucket":"gcf-v2-sources-1052661114378-asia-east1","object":"runDailyRssPipeline/function-source.zip","generation":"1770208114390795"}},"environmentVariables":{"GOOGLE_NODE_RUN_SCRIPTS":""},"dockerRepository":"projects/msgtest-d13ce/locations/asia-east1/repositories/gcf-artifacts","sourceProvenance":{"resolvedStorageSource":{"bucket":"gcf-v2-sources-1052661114378-asia-east1","object":"runDailyRssPipeline/function-source.zip","generation":"1770178522241479"}},"dockerRegistry":"ARTIFACT_REGISTRY","serviceAccount":"projects/msgtest-d13ce/serviceAccounts/1052661114378-compute@developer.gserviceaccount.com","automaticUpdatePolicy":{}},"serviceConfig":{"service":"projects/msgtest-d13ce/locations/asia-east1/services/rundailyrsspipeline","timeoutSeconds":300,"environmentVariables":{"FIREBASE_CONFIG":"{\"projectId\":\"msgtest-d13ce\",\"databaseURL\":\"https://msgtest-d13ce.firebaseio.com\",\"storageBucket\":\"msgtest-d13ce.appspot.com\",\"locationId\":\"us-central\"}","GCLOUD_PROJECT":"msgtest-d13ce","EVENTARC_CLOUD_EVENT_SOURCE":"projects/msgtest-d13ce/locations/asia-east1/services/runDailyRssPipeline","FUNCTION_TARGET":"runDailyRssPipeline","LOG_EXECUTION_ID":"true","FUNCTION_SIGNATURE_TYPE":"http"},"ingressSettings":"ALLOW_ALL","uri":"https://rundailyrsspipeline-7zbmypif6a-de.a.run.app","serviceAccountEmail":"1052661114378-compute@developer.gserviceaccount.com","availableMemory":"256Mi","allTrafficOnLatestRevision":true,"revision":"rundailyrsspipeline-00016-vac","maxInstanceRequestConcurrency":80,"availableCpu":"1"},"state":"ACTIVE","labels":{"deployment-tool":"cli-firebase","firebase-functions-hash":"df74557155edfb3f0957020d533cddf62b242bfc"},"environment":"GEN_2","url":"https://asia-east1-msgtest-d13ce.cloudfunctions.net/runDailyRssPipeline","satisfiesPzi":true},"stages":[{"name":"BUILD","message":"Build in progress","state":"IN_PROGRESS","resource":"projects/1052661114378/locations/asia-east1/builds/c0847646-6ee3-454c-a827-90e0ca2a13a4","resourceUri":"https://console.cloud.google.com/cloud-build/builds;region=asia-east1/c0847646-6ee3-454c-a827-90e0ca2a13a4?project=1052661114378"},{"name":"SERVICE","state":"NOT_STARTED"}],"operationType":"UPDATE_FUNCTION","buildName":"projects/1052661114378/locations/asia-east1/builds/c0847646-6ee3-454c-a827-90e0ca2a13a4"},"done":false}
[debug] [2026-02-04T12:29:10.543Z] [update-default-asia-east1-runDailyRssPipeline] Retrying task index 0
[debug] [2026-02-04T12:29:10.544Z] Checked if tokens are valid: true, expires at: 1770211695374
[debug] [2026-02-04T12:29:10.544Z] Checked if tokens are valid: true, expires at: 1770211695374
[debug] [2026-02-04T12:29:10.544Z] >>> [apiv2][query] GET https://cloudfunctions.googleapis.com/v2/projects/msgtest-d13ce/locations/asia-east1/operations/operation-1770208113282-649feb1c54d06-1962aca3-f2242b49 [none]
[debug] [2026-02-04T12:29:10.977Z] <<< [apiv2][status] GET https://cloudfunctions.googleapis.com/v2/projects/msgtest-d13ce/locations/asia-east1/operations/operation-1770208113282-649feb1c54d06-1962aca3-f2242b49 200
[debug] [2026-02-04T12:29:10.977Z] <<< [apiv2][body] GET https://cloudfunctions.googleapis.com/v2/projects/msgtest-d13ce/locations/asia-east1/operations/operation-1770208113282-649feb1c54d06-1962aca3-f2242b49 {"name":"projects/msgtest-d13ce/locations/asia-east1/operations/operation-1770208113282-649feb1c54d06-1962aca3-f2242b49","metadata":{"@type":"type.googleapis.com/google.cloud.functions.v2.OperationMetadata","createTime":"2026-02-04T12:28:34.491686312Z","target":"projects/msgtest-d13ce/locations/asia-east1/functions/runDailyRssPipeline","verb":"update","cancelRequested":false,"apiVersion":"v2","requestResource":{"@type":"type.googleapis.com/google.cloud.functions.v2.Function","name":"projects/msgtest-d13ce/locations/asia-east1/functions/runDailyRssPipeline","buildConfig":{"runtime":"nodejs24","entryPoint":"runDailyRssPipeline","source":{"storageSource":{"bucket":"gcf-v2-sources-1052661114378-asia-east1","object":"runDailyRssPipeline/function-source.zip","generation":"1770208114390795"}},"environmentVariables":{"GOOGLE_NODE_RUN_SCRIPTS":""},"dockerRepository":"projects/msgtest-d13ce/locations/asia-east1/repositories/gcf-artifacts","sourceProvenance":{"resolvedStorageSource":{"bucket":"gcf-v2-sources-1052661114378-asia-east1","object":"runDailyRssPipeline/function-source.zip","generation":"1770178522241479"}},"dockerRegistry":"ARTIFACT_REGISTRY","serviceAccount":"projects/msgtest-d13ce/serviceAccounts/1052661114378-compute@developer.gserviceaccount.com","automaticUpdatePolicy":{}},"serviceConfig":{"service":"projects/msgtest-d13ce/locations/asia-east1/services/rundailyrsspipeline","timeoutSeconds":300,"environmentVariables":{"FIREBASE_CONFIG":"{\"projectId\":\"msgtest-d13ce\",\"databaseURL\":\"https://msgtest-d13ce.firebaseio.com\",\"storageBucket\":\"msgtest-d13ce.appspot.com\",\"locationId\":\"us-central\"}","GCLOUD_PROJECT":"msgtest-d13ce","EVENTARC_CLOUD_EVENT_SOURCE":"projects/msgtest-d13ce/locations/asia-east1/services/runDailyRssPipeline","FUNCTION_TARGET":"runDailyRssPipeline","LOG_EXECUTION_ID":"true","FUNCTION_SIGNATURE_TYPE":"http"},"ingressSettings":"ALLOW_ALL","uri":"https://rundailyrsspipeline-7zbmypif6a-de.a.run.app","serviceAccountEmail":"1052661114378-compute@developer.gserviceaccount.com","availableMemory":"256Mi","allTrafficOnLatestRevision":true,"revision":"rundailyrsspipeline-00016-vac","maxInstanceRequestConcurrency":80,"availableCpu":"1"},"state":"ACTIVE","labels":{"deployment-tool":"cli-firebase","firebase-functions-hash":"df74557155edfb3f0957020d533cddf62b242bfc"},"environment":"GEN_2","url":"https://asia-east1-msgtest-d13ce.cloudfunctions.net/runDailyRssPipeline","satisfiesPzi":true},"stages":[{"name":"BUILD","message":"Build in progress","state":"IN_PROGRESS","resource":"projects/1052661114378/locations/asia-east1/builds/c0847646-6ee3-454c-a827-90e0ca2a13a4","resourceUri":"https://console.cloud.google.com/cloud-build/builds;region=asia-east1/c0847646-6ee3-454c-a827-90e0ca2a13a4?project=1052661114378"},{"name":"SERVICE","state":"NOT_STARTED"}],"operationType":"UPDATE_FUNCTION","buildName":"projects/1052661114378/locations/asia-east1/builds/c0847646-6ee3-454c-a827-90e0ca2a13a4"},"done":false}
